0 info it worked if it ends with ok
1 verbose cli [ '/Users/kvgauthier/.nvm/versions/node/v6.10.1/bin/node',
1 verbose cli   '/Users/kvgauthier/.nvm/versions/node/v6.10.1/bin/npm',
1 verbose cli   'run',
1 verbose cli   'build' ]
2 info using npm@3.10.10
3 info using node@v6.10.1
4 verbose run-script [ 'prebuild', 'build', 'postbuild' ]
5 info lifecycle swagger-ui@2.1.1-M2~prebuild: swagger-ui@2.1.1-M2
6 silly lifecycle swagger-ui@2.1.1-M2~prebuild: no script for prebuild, continuing
7 info lifecycle swagger-ui@2.1.1-M2~build: swagger-ui@2.1.1-M2
8 verbose lifecycle swagger-ui@2.1.1-M2~build: unsafe-perm in lifecycle true
9 verbose lifecycle swagger-ui@2.1.1-M2~build: PATH: /Users/kvgauthier/.nvm/versions/node/v6.10.1/lib/node_modules/npm/bin/node-gyp-bin:/Users/kvgauthier/Documents/Swagger-UI-Git/node_modules/.bin:/Users/kvgauthier/.nvm/versions/node/v6.10.1/bin:/Users/kvgauthier/.rvm/gems/ruby-1.9.3-p551/bin:/Users/kvgauthier/.rvm/gems/ruby-1.9.3-p551@global/bin:/Users/kvgauthier/.rvm/rubies/ruby-1.9.3-p551/bin:/usr/local/bin:/usr/bin:/bin:/usr/sbin:/sbin:/Users/kvgauthier/.rvm/bin
10 verbose lifecycle swagger-ui@2.1.1-M2~build: CWD: /Users/kvgauthier/Documents/Swagger-UI-Git
11 silly lifecycle swagger-ui@2.1.1-M2~build: Args: [ '-c', 'gulp' ]
12 silly lifecycle swagger-ui@2.1.1-M2~build: Returned: code: 1  signal: null
13 info lifecycle swagger-ui@2.1.1-M2~build: Failed to exec build script
14 verbose stack Error: swagger-ui@2.1.1-M2 build: `gulp`
14 verbose stack Exit status 1
14 verbose stack     at EventEmitter.<anonymous> (/Users/kvgauthier/.nvm/versions/node/v6.10.1/lib/node_modules/npm/lib/utils/lifecycle.js:255:16)
14 verbose stack     at emitTwo (events.js:106:13)
14 verbose stack     at EventEmitter.emit (events.js:191:7)
14 verbose stack     at ChildProcess.<anonymous> (/Users/kvgauthier/.nvm/versions/node/v6.10.1/lib/node_modules/npm/lib/utils/spawn.js:40:14)
14 verbose stack     at emitTwo (events.js:106:13)
14 verbose stack     at ChildProcess.emit (events.js:191:7)
14 verbose stack     at maybeClose (internal/child_process.js:886:16)
14 verbose stack     at Process.ChildProcess._handle.onexit (internal/child_process.js:226:5)
15 verbose pkgid swagger-ui@2.1.1-M2
16 verbose cwd /Users/kvgauthier/Documents/Swagger-UI-Git
17 error Darwin 17.3.0
18 error argv "/Users/kvgauthier/.nvm/versions/node/v6.10.1/bin/node" "/Users/kvgauthier/.nvm/versions/node/v6.10.1/bin/npm" "run" "build"
19 error node v6.10.1
20 error npm  v3.10.10
21 error code ELIFECYCLE
22 error swagger-ui@2.1.1-M2 build: `gulp`
22 error Exit status 1
23 error Failed at the swagger-ui@2.1.1-M2 build script 'gulp'.
23 error Make sure you have the latest version of node.js and npm installed.
23 error If you do, this is most likely a problem with the swagger-ui package,
23 error not with npm itself.
23 error Tell the author that this fails on your system:
23 error     gulp
23 error You can get information on how to open an issue for this project with:
23 error     npm bugs swagger-ui
23 error Or if that isn't available, you can get their info via:
23 error     npm owner ls swagger-ui
23 error There is likely additional logging output above.
24 verbose exit [ 1, true ]
